<?xml version="1.0" encoding="UTF-8"?>
<!-- Generated by org.testng.reporters.JUnitXMLReporter -->
<testsuite ignored="0" hostname="RAKESH-ACER" failures="0" tests="2" name="Test1" time="2.629" errors="0" timestamp="2023-11-16T21:13:59 IST">
  <testcase classname="com.tests.BaseTest" name="@BeforeMethod setUp" time="2.074">
    <failure type="org.openqa.selenium.SessionNotCreatedException" message="session not created: This version of ChromeDriver only supports Chrome version 94
Current browser version is 119.0.6045.159 with binary path C:\Program Files\Google\Chrome\Application\chrome.exe
Build info: version: &amp;apos;3.141.59&amp;apos;, revision: &amp;apos;e82be7d358&amp;apos;, time: &amp;apos;2018-11-14T08:17:03&amp;apos;
System info: host: &amp;apos;RAKESH-ACER&amp;apos;, ip: &amp;apos;192.168.151.120&amp;apos;, os.name: &amp;apos;Windows 11&amp;apos;, os.arch: &amp;apos;amd64&amp;apos;, os.version: &amp;apos;10.0&amp;apos;, java.version: &amp;apos;11.0.19&amp;apos;
Driver info: driver.version: ChromeDriver
remote stacktrace: Backtrace:
	Ordinal0 [0x00DFBDE3+2473443]
	Ordinal0 [0x00D96661+2057825]
	Ordinal0 [0x00CA2438+1057848]
	Ordinal0 [0x00CC054A+1181002]
	Ordinal0 [0x00CBC435+1164341]
	Ordinal0 [0x00CB9CAF+1154223]
	Ordinal0 [0x00CE9ADF+1350367]
	Ordinal0 [0x00CE974A+1349450]
	Ordinal0 [0x00CE55AB+1332651]
	Ordinal0 [0x00CC2104+1188100]
	Ordinal0 [0x00CC2F59+1191769]
	GetHandleVerifier [0x00F82266+1549718]
	GetHandleVerifier [0x0102D4A7+2250711]
	GetHandleVerifier [0x00E8718B+521403]
	GetHandleVerifier [0x00E86229+517465]
	Ordinal0 [0x00D9B79D+2078621]
	Ordinal0 [0x00D9FB58+2095960]
	Ordinal0 [0x00D9FC92+2096274]
	Ordinal0 [0x00DA9541+2135361]
	BaseThreadInitThunk [0x76337BA9+25]
	RtlInitializeExceptionChain [0x7749BD2B+107]
	RtlClearBits [0x7749BCAF+191]
">
      <![CDATA[org.openqa.selenium.SessionNotCreatedException: session not created: This version of ChromeDriver only supports Chrome version 94
Current browser version is 119.0.6045.159 with binary path C:\Program Files\Google\Chrome\Application\chrome.exe
Build info: version: '3.141.59', revision: 'e82be7d358', time: '2018-11-14T08:17:03'
System info: host: 'RAKESH-ACER', ip: '192.168.151.120', os.name: 'Windows 11', os.arch: 'amd64', os.version: '10.0', java.version: '11.0.19'
Driver info: driver.version: ChromeDriver
remote stacktrace: Backtrace:
Ordinal0 [0x00DFBDE3+2473443]
Ordinal0 [0x00D96661+2057825]
Ordinal0 [0x00CA2438+1057848]
Ordinal0 [0x00CC054A+1181002]
Ordinal0 [0x00CBC435+1164341]
Ordinal0 [0x00CB9CAF+1154223]
Ordinal0 [0x00CE9ADF+1350367]
Ordinal0 [0x00CE974A+1349450]
Ordinal0 [0x00CE55AB+1332651]
Ordinal0 [0x00CC2104+1188100]
Ordinal0 [0x00CC2F59+1191769]
GetHandleVerifier [0x00F82266+1549718]
GetHandleVerifier [0x0102D4A7+2250711]
GetHandleVerifier [0x00E8718B+521403]
GetHandleVerifier [0x00E86229+517465]
Ordinal0 [0x00D9B79D+2078621]
Ordinal0 [0x00D9FB58+2095960]
Ordinal0 [0x00D9FC92+2096274]
Ordinal0 [0x00DA9541+2135361]
BaseThreadInitThunk [0x76337BA9+25]
RtlInitializeExceptionChain [0x7749BD2B+107]
RtlClearBits [0x7749BCAF+191]

at org.openqa.selenium.remote.W3CHandshakeResponse.lambda$errorHandler$0(W3CHandshakeResponse.java:62)
at org.openqa.selenium.remote.HandshakeResponse.lambda$getResponseFunction$0(HandshakeResponse.java:30)
at org.openqa.selenium.remote.ProtocolHandshake.lambda$createSession$0(ProtocolHandshake.java:126)
at java.base/java.util.stream.ReferencePipeline$3$1.accept(ReferencePipeline.java:195)
at java.base/java.util.Spliterators$ArraySpliterator.tryAdvance(Spliterators.java:958)
at java.base/java.util.stream.ReferencePipeline.forEachWithCancel(ReferencePipeline.java:127)
at java.base/java.util.stream.AbstractPipeline.copyIntoWithCancel(AbstractPipeline.java:502)
at java.base/java.util.stream.AbstractPipeline.copyInto(AbstractPipeline.java:488)
at java.base/java.util.stream.AbstractPipeline.wrapAndCopyInto(AbstractPipeline.java:474)
at java.base/java.util.stream.FindOps$FindOp.evaluateSequential(FindOps.java:150)
at java.base/java.util.stream.AbstractPipeline.evaluate(AbstractPipeline.java:234)
at java.base/java.util.stream.ReferencePipeline.findFirst(ReferencePipeline.java:543)
at org.openqa.selenium.remote.ProtocolHandshake.createSession(ProtocolHandshake.java:128)
at org.openqa.selenium.remote.ProtocolHandshake.createSession(ProtocolHandshake.java:74)
at org.openqa.selenium.remote.HttpCommandExecutor.execute(HttpCommandExecutor.java:136)
at org.openqa.selenium.remote.service.DriverCommandExecutor.execute(DriverCommandExecutor.java:83)
at org.openqa.selenium.remote.RemoteWebDriver.execute(RemoteWebDriver.java:552)
at org.openqa.selenium.remote.RemoteWebDriver.startSession(RemoteWebDriver.java:213)
at org.openqa.selenium.remote.RemoteWebDriver.<init>(RemoteWebDriver.java:131)
at org.openqa.selenium.chrome.ChromeDriver.<init>(ChromeDriver.java:181)
at org.openqa.selenium.chrome.ChromeDriver.<init>(ChromeDriver.java:168)
at org.openqa.selenium.chrome.ChromeDriver.<init>(ChromeDriver.java:157)
at com.tests.BaseTest.setUp(BaseTest.java:26)
at java.base/java.util.ArrayList.forEach(ArrayList.java:1541)
... Removed 39 stack frames]]>
    </failure>
  </testcase> <!-- @BeforeMethod setUp -->
  <testcase classname="com.tests.BaseTest" name="@AfterMethod tearDown" time="-1.700149438708E9">
    <skipped/>
  </testcase> <!-- @AfterMethod tearDown -->
  <testcase classname="com.tests.BaseTest" name="@BeforeMethod setUp" time="0.527">
    <failure type="org.openqa.selenium.SessionNotCreatedException" message="session not created: This version of ChromeDriver only supports Chrome version 94
Current browser version is 119.0.6045.159 with binary path C:\Program Files\Google\Chrome\Application\chrome.exe
Build info: version: &amp;apos;3.141.59&amp;apos;, revision: &amp;apos;e82be7d358&amp;apos;, time: &amp;apos;2018-11-14T08:17:03&amp;apos;
System info: host: &amp;apos;RAKESH-ACER&amp;apos;, ip: &amp;apos;192.168.151.120&amp;apos;, os.name: &amp;apos;Windows 11&amp;apos;, os.arch: &amp;apos;amd64&amp;apos;, os.version: &amp;apos;10.0&amp;apos;, java.version: &amp;apos;11.0.19&amp;apos;
Driver info: driver.version: ChromeDriver
remote stacktrace: Backtrace:
	Ordinal0 [0x00DFBDE3+2473443]
	Ordinal0 [0x00D96661+2057825]
	Ordinal0 [0x00CA2438+1057848]
	Ordinal0 [0x00CC054A+1181002]
	Ordinal0 [0x00CBC435+1164341]
	Ordinal0 [0x00CB9CAF+1154223]
	Ordinal0 [0x00CE9ADF+1350367]
	Ordinal0 [0x00CE974A+1349450]
	Ordinal0 [0x00CE55AB+1332651]
	Ordinal0 [0x00CC2104+1188100]
	Ordinal0 [0x00CC2F59+1191769]
	GetHandleVerifier [0x00F82266+1549718]
	GetHandleVerifier [0x0102D4A7+2250711]
	GetHandleVerifier [0x00E8718B+521403]
	GetHandleVerifier [0x00E86229+517465]
	Ordinal0 [0x00D9B79D+2078621]
	Ordinal0 [0x00D9FB58+2095960]
	Ordinal0 [0x00D9FC92+2096274]
	Ordinal0 [0x00DA9541+2135361]
	BaseThreadInitThunk [0x76337BA9+25]
	RtlInitializeExceptionChain [0x7749BD2B+107]
	RtlClearBits [0x7749BCAF+191]
">
      <![CDATA[org.openqa.selenium.SessionNotCreatedException: session not created: This version of ChromeDriver only supports Chrome version 94
Current browser version is 119.0.6045.159 with binary path C:\Program Files\Google\Chrome\Application\chrome.exe
Build info: version: '3.141.59', revision: 'e82be7d358', time: '2018-11-14T08:17:03'
System info: host: 'RAKESH-ACER', ip: '192.168.151.120', os.name: 'Windows 11', os.arch: 'amd64', os.version: '10.0', java.version: '11.0.19'
Driver info: driver.version: ChromeDriver
remote stacktrace: Backtrace:
Ordinal0 [0x00DFBDE3+2473443]
Ordinal0 [0x00D96661+2057825]
Ordinal0 [0x00CA2438+1057848]
Ordinal0 [0x00CC054A+1181002]
Ordinal0 [0x00CBC435+1164341]
Ordinal0 [0x00CB9CAF+1154223]
Ordinal0 [0x00CE9ADF+1350367]
Ordinal0 [0x00CE974A+1349450]
Ordinal0 [0x00CE55AB+1332651]
Ordinal0 [0x00CC2104+1188100]
Ordinal0 [0x00CC2F59+1191769]
GetHandleVerifier [0x00F82266+1549718]
GetHandleVerifier [0x0102D4A7+2250711]
GetHandleVerifier [0x00E8718B+521403]
GetHandleVerifier [0x00E86229+517465]
Ordinal0 [0x00D9B79D+2078621]
Ordinal0 [0x00D9FB58+2095960]
Ordinal0 [0x00D9FC92+2096274]
Ordinal0 [0x00DA9541+2135361]
BaseThreadInitThunk [0x76337BA9+25]
RtlInitializeExceptionChain [0x7749BD2B+107]
RtlClearBits [0x7749BCAF+191]

at org.openqa.selenium.remote.W3CHandshakeResponse.lambda$errorHandler$0(W3CHandshakeResponse.java:62)
at org.openqa.selenium.remote.HandshakeResponse.lambda$getResponseFunction$0(HandshakeResponse.java:30)
at org.openqa.selenium.remote.ProtocolHandshake.lambda$createSession$0(ProtocolHandshake.java:126)
at java.base/java.util.stream.ReferencePipeline$3$1.accept(ReferencePipeline.java:195)
at java.base/java.util.Spliterators$ArraySpliterator.tryAdvance(Spliterators.java:958)
at java.base/java.util.stream.ReferencePipeline.forEachWithCancel(ReferencePipeline.java:127)
at java.base/java.util.stream.AbstractPipeline.copyIntoWithCancel(AbstractPipeline.java:502)
at java.base/java.util.stream.AbstractPipeline.copyInto(AbstractPipeline.java:488)
at java.base/java.util.stream.AbstractPipeline.wrapAndCopyInto(AbstractPipeline.java:474)
at java.base/java.util.stream.FindOps$FindOp.evaluateSequential(FindOps.java:150)
at java.base/java.util.stream.AbstractPipeline.evaluate(AbstractPipeline.java:234)
at java.base/java.util.stream.ReferencePipeline.findFirst(ReferencePipeline.java:543)
at org.openqa.selenium.remote.ProtocolHandshake.createSession(ProtocolHandshake.java:128)
at org.openqa.selenium.remote.ProtocolHandshake.createSession(ProtocolHandshake.java:74)
at org.openqa.selenium.remote.HttpCommandExecutor.execute(HttpCommandExecutor.java:136)
at org.openqa.selenium.remote.service.DriverCommandExecutor.execute(DriverCommandExecutor.java:83)
at org.openqa.selenium.remote.RemoteWebDriver.execute(RemoteWebDriver.java:552)
at org.openqa.selenium.remote.RemoteWebDriver.startSession(RemoteWebDriver.java:213)
at org.openqa.selenium.remote.RemoteWebDriver.<init>(RemoteWebDriver.java:131)
at org.openqa.selenium.chrome.ChromeDriver.<init>(ChromeDriver.java:181)
at org.openqa.selenium.chrome.ChromeDriver.<init>(ChromeDriver.java:168)
at org.openqa.selenium.chrome.ChromeDriver.<init>(ChromeDriver.java:157)
at com.tests.BaseTest.setUp(BaseTest.java:26)
at java.base/java.util.ArrayList.forEach(ArrayList.java:1541)
... Removed 39 stack frames]]>
    </failure>
  </testcase> <!-- @BeforeMethod setUp -->
  <testcase classname="com.tests.BaseTest" name="@AfterMethod tearDown" time="-1.700149439236E9">
    <skipped/>
  </testcase> <!-- @AfterMethod tearDown -->
  <testcase classname="com.example.SeleniumTest" name="testGoogleSearch" time="0.0">
    <skipped/>
  </testcase> <!-- testGoogleSearch -->
  <testcase classname="com.example.SeleniumTest2" name="testGoogleSearch2" time="0.0">
    <skipped/>
  </testcase> <!-- testGoogleSearch2 -->
</testsuite> <!-- Test1 -->
